ERROR: http://nhattruyen.com/truyen-tranh/tinh-co-tim-thay-thang-7-find-july/chap-3.1/455390
ERROR: http://nhattruyen.com/truyen-tranh/tinh-co-tim-thay-thang-7-find-july/chap-2.1/455305
ERROR: http://nhattruyen.com/truyen-tranh/ky-tuc-xa-hari/chap-17/297361
ERROR: http://nhattruyen.com/truyen-tranh/ky-tuc-xa-hari/chap-13/293145
ERROR: http://nhattruyen.com/truyen-tranh/ky-tuc-xa-hari/chap-5/285867
ERROR: http://nhattruyen.com/truyen-tranh/ky-tuc-xa-hari/chap-11/290999
ERROR: http://nhattruyen.com/truyen-tranh/ky-tuc-xa-hari/chap-3/285865
ERROR: http://www.nettruyen.com/truyen-tranh/machigatta-ko-wo-mahou-shoujoni-shite-shimatta/chap-11/322569
ERROR: http://www.nettruyen.com/truyen-tranh/junjou-romantica-artbook/chap-3/32451
ERROR: http://nhattruyen.com/truyen-tranh/ky-tuc-xa-hari/chap-10/288994
ERROR: http://nhattruyen.com/truyen-tranh/tinh-co-tim-thay-thang-7-find-july/chap-0/452220
ERROR: http://www.nettruyen.com/truyen-tranh/machigatta-ko-wo-mahou-shoujoni-shite-shimatta/chap-21/489123
ERROR: http://www.nettruyen.com/truyen-tranh/machigatta-ko-wo-mahou-shoujoni-shite-shimatta/chap-1/303587
ERROR: http://nhattruyen.com/truyen-tranh/tinh-co-tim-thay-thang-7-find-july/chap-6.2/455415
WARN: http://www.nettruyen.com/truyen-tranh/hoang-tu-tennis/chap-0/405053
WARN: http://www.nettruyen.com/truyen-tranh/ma-vuong-di-lam/chap-73/504293
WARN: http://www.nettruyen.com/truyen-tranh/ong-chong-noi-tro-gokushufudou/chap-34/544216
WARN: http://www.nettruyen.com/truyen-tranh/senpai-hay-cung-tao-nen-tinh-yeu-cong-so/chap-1/546943
WARN: http://www.nettruyen.com/truyen-tranh/bi-ep-tro-thanh-nguoi-manh-nhat-the-gioi/chap-15/599165
WARN: http://www.nettruyen.com/truyen-tranh/insos-law/chap-4/483410
WARN: http://www.nettruyen.com/truyen-tranh/insos-law/chap-14.7/497494
WARN: http://www.nettruyen.com/truyen-tranh/isekai-nonbiri-nouka/chap-31/500655
ERROR: http://nhattruyen.com/truyen-tranh/ky-tuc-xa-hari/chap-4/285866
WARN: http://www.nettruyen.com/truyen-tranh/the-gioi-murim/chap-28/14562
WARN: http://www.nettruyen.com/truyen-tranh/ma-vuong-di-lam/chap-11/117403
WARN: http://www.nettruyen.com/truyen-tranh/to-aru-majutsu-no-index/chap-13/62004
WARN: http://www.nettruyen.com/truyen-tranh/insos-law/chap-2/483406
WARN: http://www.nettruyen.com/truyen-tranh/tro-choi-sinh-ton-btooom/chap-70/65934
WARN: http://www.nettruyen.com/truyen-tranh/ma-vuong-di-lam/chap-43/393286
WARN: http://www.nettruyen.com/truyen-tranh/tro-choi-sinh-ton-btooom/chap-69/65933
WARN: http://www.nettruyen.com/truyen-tranh/tro-choi-sinh-ton-btooom/chap-66/65930
WARN: http://www.nettruyen.com/truyen-tranh/the-gioi-murim/chap-55/14614
WARN: http://www.nettruyen.com/truyen-tranh/tro-choi-sinh-ton-btooom/chap-97.1/559891
WARN: http://www.nettruyen.com/truyen-tranh/whamanga-manhwa/chap-18/208027
ERROR: http://nhattruyen.com/truyen-tranh/tinh-co-tim-thay-thang-7-find-july/chap-8.1/455423
WARN: http://www.nettruyen.com/truyen-tranh/vo-si/chap-7/600952
WARN: http://www.nettruyen.com/truyen-tranh/battle-royal/chap-46/20354
WARN: http://nhattruyen.com/truyen-tranh/tinh-co-tim-thay-thang-7-find-july/chap-5.2/455413
WARN: http://www.nettruyen.com/truyen-tranh/whamanga-manhwa/chap-16/205420
WARN: http://www.nettruyen.com/truyen-tranh/tro-choi-sinh-ton-btooom/chap-85/258147
WARN: http://www.nettruyen.com/truyen-tranh/con-gai-cua-archmage/chap-7/534723
WARN: http://www.nettruyen.com/truyen-tranh/the-gioi-murim/chap-23/14552
WARN: http://www.nettruyen.com/truyen-tranh/vo-si/chap-6/594084
WARN: http://www.nettruyen.com/truyen-tranh/tro-choi-sinh-ton-btooom/chap-46/65910
WARN: http://www.nettruyen.com/truyen-tranh/the-gioi-murim/chap-56/14616
WARN: http://www.nettruyen.com/truyen-tranh/tro-choi-sinh-ton-btooom/chap-5/65869
WARN: http://www.nettruyen.com/truyen-tranh/tro-choi-sinh-ton-btooom/chap-56/65920
ERROR: http://www.nettruyen.com/truyen-tranh/ong-chong-noi-tro-gokushufudou/chap-21/471448
ERROR: http://nhattruyen.com/truyen-tranh/ky-tuc-xa-hari/chap-2/285864
ERROR: http://www.nettruyen.com/truyen-tranh/monster-academy/chap-3/131224
ERROR: http://www.nettruyen.com/truyen-tranh/ong-chong-noi-tro-gokushufudou/chap-40/563024
ERROR: http://nhattruyen.com/truyen-tranh/ky-tuc-xa-hari/chap-7/286684
ERROR: http://www.nettruyen.com/truyen-tranh/to-aru-kagaku-no-accelerator/chap-1/270576
ERROR: http://www.nettruyen.com/truyen-tranh/to-aru-kagaku-no-railgun-gaiden-astral-buddy/chap-9/555295
ERROR: http://www.nettruyen.com/truyen-tranh/to-aru-kagaku-no-railgun-gaiden-astral-buddy/chap-20.6/573704
ERROR: http://nhattruyen.com/truyen-tranh/tinh-co-tim-thay-thang-7-find-july/chap-2.3/455380
ERROR: http://www.nettruyen.com/truyen-tranh/to-aru-kagaku-no-railgun-gaiden-astral-buddy/chap-3/550583
ERROR: http://www.nettruyen.com/truyen-tranh/ong-chong-noi-tro-gokushufudou/chap-26/500221
ERROR: http://nhattruyen.com/truyen-tranh/tinh-co-tim-thay-thang-7-find-july/chap-5.1/455412
ERROR: http://www.nettruyen.com/truyen-tranh/machigatta-ko-wo-mahou-shoujoni-shite-shimatta/chap-18/486490
WARN: http://www.nettruyen.com/truyen-tranh/con-gai-cua-archmage/chap-1/531708
ERROR: http://nhattruyen.com/truyen-tranh/ky-tuc-xa-hari/chap-16/296522
ERROR: http://www.nettruyen.com/truyen-tranh/to-aru-majutsu-no-index/chap-1/61992
ERROR: http://www.nettruyen.com/truyen-tranh/xu-nu-dich-hau-cung/chap-100/520466
ERROR: http://www.nettruyen.com/truyen-tranh/vuong-gia-ba-tuoi-ruoi-cua-toi/chap-27/516239
ERROR: http://www.nettruyen.com/truyen-tranh/xu-nu-dich-hau-cung/chap-113/524936
ERROR: http://www.nettruyen.com/truyen-tranh/vuong-gia-ba-tuoi-ruoi-cua-toi/chap-35/523073
WARN: http://www.nettruyen.com/truyen-tranh/tro-choi-sinh-ton-btooom/chap-97.2/561842
WARN: http://www.nettruyen.com/truyen-tranh/battle-royal/chap-49/20367
WARN: http://nhattruyen.com/truyen-tranh/futari-ecchi/chap-31/228344
WARN: http://www.nettruyen.com/truyen-tranh/con-gai-cua-archmage/chap-4/534719
ERROR: http://www.nettruyen.com/truyen-tranh/to-aru-kagaku-no-railgun-gaiden-astral-buddy/chap-14/557671
ERROR: http://nhattruyen.com/truyen-tranh/ky-tuc-xa-hari/chap-18/298326
ERROR: http://www.nettruyen.com/truyen-tranh/toto--the-wonderful-adventure/chap-7/59300
ERROR: http://www.nettruyen.com/truyen-tranh/to-aru-majutsu-no-index/chap-30/62021
ERROR: http://www.nettruyen.com/truyen-tranh/vocaloid-doujin-project/chap-8/13254
ERROR: http://www.nettruyen.com/truyen-tranh/toto--the-wonderful-adventure/chap-1/59294
ERROR: http://www.nettruyen.com/truyen-tranh/magi-me-cung-than-thoai/chap-347/321808
ERROR: http://www.nettruyen.com/truyen-tranh/machigatta-ko-wo-mahou-shoujoni-shite-shimatta/chap-2/306890
ERROR: http://www.nettruyen.com/truyen-tranh/magi-me-cung-than-thoai/chap-339/311427
ERROR: http://www.nettruyen.com/truyen-tranh/magi-me-cung-than-thoai/chap-193/91848
ERROR: http://www.nettruyen.com/truyen-tranh/to-aru-majutsu-no-index-when-the-saints-descend-to-the-academy-city/chap-3/115174
